# JRE version: Java(TM) SE Runtime Environment (8.0_121-b13) (build 1.8.0_121-b13)
# Java VM: Java HotSpot(TM) 64-Bit Server VM (25.121-b13 mixed mode bsd-amd64 compressed oops)
Heap:
 PSYoungGen      total 662528K, used 220026K [0x0000000795580000, 0x00000007bfe80000, 0x00000007c0000000)
  eden space 628736K, 34% used [0x0000000795580000,0x00000007a2a3e820,0x00000007bbb80000)
  from space 33792K, 6% used [0x00000007bdd80000,0x00000007bdfa0020,0x00000007bfe80000)
  to   space 34304K, 0% used [0x00000007bbb80000,0x00000007bbb80000,0x00000007bdd00000)
 ParOldGen       total 87552K, used 68417K [0x0000000740000000, 0x0000000745580000, 0x0000000795580000)
  object space 87552K, 78% used [0x0000000740000000,0x00000007442d0600,0x0000000745580000)
 Metaspace       used 19318K, capacity 19542K, committed 19840K, reserved 1067008K
  class space    used 2555K, capacity 2645K, committed 2688K, reserved 1048576K
GC Heap History (10 events):
Event: 3.335 GC heap before
{Heap before GC invocations=8 (full 0):
 PSYoungGen      total 143360K, used 143342K [0x0000000795580000, 0x00000007a7380000, 0x00000007c0000000)
  eden space 132608K, 100% used [0x0000000795580000,0x000000079d700000,0x000000079d700000)
  from space 10752K, 99% used [0x000000079d700000,0x000000079e17b808,0x000000079e180000)
  to   space 13824K, 0% used [0x00000007a6600000,0x00000007a6600000,0x00000007a7380000)
 ParOldGen       total 87552K, used 12170K [0x0000000740000000, 0x0000000745580000, 0x0000000795580000)
  object space 87552K, 13% used [0x0000000740000000,0x0000000740be2810,0x0000000745580000)
 Metaspace       used 9889K, capacity 10084K, committed 10240K, reserved 1058816K
  class space    used 1127K, capacity 1182K, committed 1280K, reserved 1048576K
Event: 3.357 GC heap after
Heap after GC invocations=8 (full 0):
 PSYoungGen      total 274432K, used 13802K [0x0000000795580000, 0x00000007a7c80000, 0x00000007c0000000)
  eden space 260608K, 0% used [0x0000000795580000,0x0000000795580000,0x00000007a5400000)
  from space 13824K, 99% used [0x00000007a6600000,0x00000007a737aaa0,0x00000007a7380000)
  to   space 18432K, 0% used [0x00000007a5400000,0x00000007a5400000,0x00000007a6600000)
 ParOldGen       total 87552K, used 17738K [0x0000000740000000, 0x0000000745580000, 0x0000000795580000)
  object space 87552K, 20% used [0x0000000740000000,0x0000000741152b90,0x0000000745580000)
 Metaspace       used 9889K, capacity 10084K, committed 10240K, reserved 1058816K
  class space    used 1127K, capacity 1182K, committed 1280K, reserved 1048576K
}
Event: 10.903 GC heap before
{Heap before GC invocations=9 (full 0):
 PSYoungGen      total 274432K, used 274410K [0x0000000795580000, 0x00000007a7c80000, 0x00000007c0000000)
  eden space 260608K, 100% used [0x0000000795580000,0x00000007a5400000,0x00000007a5400000)
  from space 13824K, 99% used [0x00000007a6600000,0x00000007a737aaa0,0x00000007a7380000)
  to   space 18432K, 0% used [0x00000007a5400000,0x00000007a5400000,0x00000007a6600000)
 ParOldGen       total 87552K, used 17738K [0x0000000740000000, 0x0000000745580000, 0x0000000795580000)
  object space 87552K, 20% used [0x0000000740000000,0x0000000741152b90,0x0000000745580000)
 Metaspace       used 17590K, capacity 17782K, committed 18176K, reserved 1064960K
  class space    used 2411K, capacity 2485K, committed 2560K, reserved 1048576K
Event: 10.951 GC heap after
Heap after GC invocations=9 (full 0):
 PSYoungGen      total 279040K, used 18406K [0x0000000795580000, 0x00000007b2f00000, 0x00000007c0000000)
  eden space 260608K, 0% used [0x0000000795580000,0x0000000795580000,0x00000007a5400000)
  from space 18432K, 99% used [0x00000007a5400000,0x00000007a65f9ba0,0x00000007a6600000)
  to   space 33792K, 0% used [0x00000007b0e00000,0x00000007b0e00000,0x00000007b2f00000)
 ParOldGen       total 87552K, used 48614K [0x0000000740000000, 0x0000000745580000, 0x0000000795580000)
  object space 87552K, 55% used [0x0000000740000000,0x0000000742f79860,0x0000000745580000)
 Metaspace       used 17590K, capacity 17782K, committed 18176K, reserved 1064960K
  class space    used 2411K, capacity 2485K, committed 2560K, reserved 1048576K
}
Event: 11.921 GC heap before
{Heap before GC invocations=10 (full 0):
 PSYoungGen      total 279040K, used 279014K [0x0000000795580000, 0x00000007b2f00000, 0x00000007c0000000)
  eden space 260608K, 100% used [0x0000000795580000,0x00000007a5400000,0x00000007a5400000)
  from space 18432K, 99% used [0x00000007a5400000,0x00000007a65f9ba0,0x00000007a6600000)
  to   space 33792K, 0% used [0x00000007b0e00000,0x00000007b0e00000,0x00000007b2f00000)
 ParOldGen       total 87552K, used 48614K [0x0000000740000000, 0x0000000745580000, 0x0000000795580000)
  object space 87552K, 55% used [0x0000000740000000,0x0000000742f79860,0x0000000745580000)
 Metaspace       used 18247K, capacity 18422K, committed 18688K, reserved 1064960K
  class space    used 2476K, capacity 2549K, committed 2560K, reserved 1048576K
Event: 11.941 GC heap after
Heap after GC invocations=10 (full 0):
 PSYoungGen      total 449024K, used 23794K [0x0000000795580000, 0x00000007b3300000, 0x00000007c0000000)
  eden space 415232K, 0% used [0x0000000795580000,0x0000000795580000,0x00000007aeb00000)
  from space 33792K, 70% used [0x00000007b0e00000,0x00000007b253c840,0x00000007b2f00000)
  to   space 35840K, 0% used [0x00000007aeb00000,0x00000007aeb00000,0x00000007b0e00000)
 ParOldGen       total 87552K, used 50066K [0x0000000740000000, 0x0000000745580000, 0x0000000795580000)
  object space 87552K, 57% used [0x0000000740000000,0x00000007430e4880,0x0000000745580000)
 Metaspace       used 18247K, capacity 18422K, committed 18688K, reserved 1064960K
  class space    used 2476K, capacity 2549K, committed 2560K, reserved 1048576K
}
Event: 21.818 GC heap before
{Heap before GC invocations=11 (full 0):
 PSYoungGen      total 449024K, used 439026K [0x0000000795580000, 0x00000007b3300000, 0x00000007c0000000)
  eden space 415232K, 100% used [0x0000000795580000,0x00000007aeb00000,0x00000007aeb00000)
  from space 33792K, 70% used [0x00000007b0e00000,0x00000007b253c840,0x00000007b2f00000)
  to   space 35840K, 0% used [0x00000007aeb00000,0x00000007aeb00000,0x00000007b0e00000)
 ParOldGen       total 87552K, used 50066K [0x0000000740000000, 0x0000000745580000, 0x0000000795580000)
  object space 87552K, 57% used [0x0000000740000000,0x00000007430e4880,0x0000000745580000)
 Metaspace       used 19063K, capacity 19254K, committed 19584K, reserved 1067008K
  class space    used 2545K, capacity 2613K, committed 2688K, reserved 1048576K
Event: 21.863 GC heap after
Heap after GC invocations=11 (full 0):
 PSYoungGen      total 451072K, used 8549K [0x0000000795580000, 0x00000007bff00000, 0x00000007c0000000)
  eden space 415232K, 0% used [0x0000000795580000,0x0000000795580000,0x00000007aeb00000)
  from space 35840K, 23% used [0x00000007aeb00000,0x00000007af359650,0x00000007b0e00000)
  to   space 34304K, 0% used [0x00000007bdd80000,0x00000007bdd80000,0x00000007bff00000)
 ParOldGen       total 87552K, used 60385K [0x0000000740000000, 0x0000000745580000, 0x0000000795580000)
  object space 87552K, 68% used [0x0000000740000000,0x0000000743af85b8,0x0000000745580000)
 Metaspace       used 19063K, capacity 19254K, committed 19584K, reserved 1067008K
  class space    used 2545K, capacity 2613K, committed 2688K, reserved 1048576K
}
Event: 60.370 GC heap before
{Heap before GC invocations=12 (full 0):
 PSYoungGen      total 451072K, used 423781K [0x0000000795580000, 0x00000007bff00000, 0x00000007c0000000)
  eden space 415232K, 100% used [0x0000000795580000,0x00000007aeb00000,0x00000007aeb00000)
  from space 35840K, 23% used [0x00000007aeb00000,0x00000007af359650,0x00000007b0e00000)
  to   space 34304K, 0% used [0x00000007bdd80000,0x00000007bdd80000,0x00000007bff00000)
 ParOldGen       total 87552K, used 60385K [0x0000000740000000, 0x0000000745580000, 0x0000000795580000)
  object space 87552K, 68% used [0x0000000740000000,0x0000000743af85b8,0x0000000745580000)
 Metaspace       used 19265K, capacity 19478K, committed 19840K, reserved 1067008K
  class space    used 2555K, capacity 2645K, committed 2688K, reserved 1048576K
Event: 60.387 GC heap after
Heap after GC invocations=12 (full 0):
 PSYoungGen      total 662528K, used 2176K [0x0000000795580000, 0x00000007bfe80000, 0x00000007c0000000)
  eden space 628736K, 0% used [0x0000000795580000,0x0000000795580000,0x00000007bbb80000)
  from space 33792K, 6% used [0x00000007bdd80000,0x00000007bdfa0020,0x00000007bfe80000)
  to   space 34304K, 0% used [0x00000007bbb80000,0x00000007bbb80000,0x00000007bdd00000)
 ParOldGen       total 87552K, used 68417K [0x0000000740000000, 0x0000000745580000, 0x0000000795580000)
  object space 87552K, 78% used [0x0000000740000000,0x00000007442d0600,0x0000000745580000)
 Metaspace       used 19265K, capacity 19478K, committed 19840K, reserved 1067008K
  class space    used 2555K, capacity 2645K, committed 2688K, reserved 1048576K
}

