# JRE version: Java(TM) SE Runtime Environment (8.0_121-b13) (build 1.8.0_121-b13)
# Java VM: Java HotSpot(TM) 64-Bit Server VM (25.121-b13 mixed mode bsd-amd64 compressed oops)
Heap:
 PSYoungGen      total 663040K, used 182102K [0x0000000795580000, 0x00000007bff00000, 0x00000007c0000000)
  eden space 629248K, 28% used [0x0000000795580000,0x00000007a055db08,0x00000007bbc00000)
  from space 33792K, 5% used [0x00000007bde00000,0x00000007bdff8000,0x00000007bff00000)
  to   space 34304K, 0% used [0x00000007bbc00000,0x00000007bbc00000,0x00000007bdd80000)
 ParOldGen       total 87552K, used 67937K [0x0000000740000000, 0x0000000745580000, 0x0000000795580000)
  object space 87552K, 77% used [0x0000000740000000,0x00000007442585a0,0x0000000745580000)
 Metaspace       used 19287K, capacity 19494K, committed 19840K, reserved 1067008K
  class space    used 2551K, capacity 2613K, committed 2688K, reserved 1048576K
GC Heap History (10 events):
Event: 2.711 GC heap before
{Heap before GC invocations=8 (full 0):
 PSYoungGen      total 143360K, used 143340K [0x0000000795580000, 0x00000007a7380000, 0x00000007c0000000)
  eden space 132608K, 100% used [0x0000000795580000,0x000000079d700000,0x000000079d700000)
  from space 10752K, 99% used [0x000000079d700000,0x000000079e17b0a8,0x000000079e180000)
  to   space 13824K, 0% used [0x00000007a6600000,0x00000007a6600000,0x00000007a7380000)
 ParOldGen       total 87552K, used 12139K [0x0000000740000000, 0x0000000745580000, 0x0000000795580000)
  object space 87552K, 13% used [0x0000000740000000,0x0000000740bdafe8,0x0000000745580000)
 Metaspace       used 9865K, capacity 10004K, committed 10240K, reserved 1058816K
  class space    used 1127K, capacity 1182K, committed 1280K, reserved 1048576K
Event: 2.732 GC heap after
Heap after GC invocations=8 (full 0):
 PSYoungGen      total 274432K, used 13823K [0x0000000795580000, 0x00000007a7c80000, 0x00000007c0000000)
  eden space 260608K, 0% used [0x0000000795580000,0x0000000795580000,0x00000007a5400000)
  from space 13824K, 99% used [0x00000007a6600000,0x00000007a737fc98,0x00000007a7380000)
  to   space 18432K, 0% used [0x00000007a5400000,0x00000007a5400000,0x00000007a6600000)
 ParOldGen       total 87552K, used 17382K [0x0000000740000000, 0x0000000745580000, 0x0000000795580000)
  object space 87552K, 19% used [0x0000000740000000,0x00000007410f9978,0x0000000745580000)
 Metaspace       used 9865K, capacity 10004K, committed 10240K, reserved 1058816K
  class space    used 1127K, capacity 1182K, committed 1280K, reserved 1048576K
}
Event: 8.755 GC heap before
{Heap before GC invocations=9 (full 0):
 PSYoungGen      total 274432K, used 274431K [0x0000000795580000, 0x00000007a7c80000, 0x00000007c0000000)
  eden space 260608K, 100% used [0x0000000795580000,0x00000007a5400000,0x00000007a5400000)
  from space 13824K, 99% used [0x00000007a6600000,0x00000007a737fc98,0x00000007a7380000)
  to   space 18432K, 0% used [0x00000007a5400000,0x00000007a5400000,0x00000007a6600000)
 ParOldGen       total 87552K, used 17382K [0x0000000740000000, 0x0000000745580000, 0x0000000795580000)
  object space 87552K, 19% used [0x0000000740000000,0x00000007410f9978,0x0000000745580000)
 Metaspace       used 17827K, capacity 18054K, committed 18176K, reserved 1064960K
  class space    used 2430K, capacity 2517K, committed 2560K, reserved 1048576K
Event: 8.792 GC heap after
Heap after GC invocations=9 (full 0):
 PSYoungGen      total 279040K, used 18416K [0x0000000795580000, 0x00000007b2f00000, 0x00000007c0000000)
  eden space 260608K, 0% used [0x0000000795580000,0x0000000795580000,0x00000007a5400000)
  from space 18432K, 99% used [0x00000007a5400000,0x00000007a65fc3e0,0x00000007a6600000)
  to   space 33792K, 0% used [0x00000007b0e00000,0x00000007b0e00000,0x00000007b2f00000)
 ParOldGen       total 87552K, used 48239K [0x0000000740000000, 0x0000000745580000, 0x0000000795580000)
  object space 87552K, 55% used [0x0000000740000000,0x0000000742f1bd20,0x0000000745580000)
 Metaspace       used 17827K, capacity 18054K, committed 18176K, reserved 1064960K
  class space    used 2430K, capacity 2517K, committed 2560K, reserved 1048576K
}
Event: 9.572 GC heap before
{Heap before GC invocations=10 (full 0):
 PSYoungGen      total 279040K, used 279024K [0x0000000795580000, 0x00000007b2f00000, 0x00000007c0000000)
  eden space 260608K, 100% used [0x0000000795580000,0x00000007a5400000,0x00000007a5400000)
  from space 18432K, 99% used [0x00000007a5400000,0x00000007a65fc3e0,0x00000007a6600000)
  to   space 33792K, 0% used [0x00000007b0e00000,0x00000007b0e00000,0x00000007b2f00000)
 ParOldGen       total 87552K, used 48239K [0x0000000740000000, 0x0000000745580000, 0x0000000795580000)
  object space 87552K, 55% used [0x0000000740000000,0x0000000742f1bd20,0x0000000745580000)
 Metaspace       used 18206K, capacity 18406K, committed 18688K, reserved 1064960K
  class space    used 2472K, capacity 2549K, committed 2560K, reserved 1048576K
Event: 9.603 GC heap after
Heap after GC invocations=10 (full 0):
 PSYoungGen      total 449536K, used 23677K [0x0000000795580000, 0x00000007b3200000, 0x00000007c0000000)
  eden space 415744K, 0% used [0x0000000795580000,0x0000000795580000,0x00000007aeb80000)
  from space 33792K, 70% used [0x00000007b0e00000,0x00000007b251f650,0x00000007b2f00000)
  to   space 35328K, 0% used [0x00000007aeb80000,0x00000007aeb80000,0x00000007b0e00000)
 ParOldGen       total 87552K, used 49647K [0x0000000740000000, 0x0000000745580000, 0x0000000795580000)
  object space 87552K, 56% used [0x0000000740000000,0x000000074307bd30,0x0000000745580000)
 Metaspace       used 18206K, capacity 18406K, committed 18688K, reserved 1064960K
  class space    used 2472K, capacity 2549K, committed 2560K, reserved 1048576K
}
Event: 19.673 GC heap before
{Heap before GC invocations=11 (full 0):
 PSYoungGen      total 449536K, used 439421K [0x0000000795580000, 0x00000007b3200000, 0x00000007c0000000)
  eden space 415744K, 100% used [0x0000000795580000,0x00000007aeb80000,0x00000007aeb80000)
  from space 33792K, 70% used [0x00000007b0e00000,0x00000007b251f650,0x00000007b2f00000)
  to   space 35328K, 0% used [0x00000007aeb80000,0x00000007aeb80000,0x00000007b0e00000)
 ParOldGen       total 87552K, used 49647K [0x0000000740000000, 0x0000000745580000, 0x0000000795580000)
  object space 87552K, 56% used [0x0000000740000000,0x000000074307bd30,0x0000000745580000)
 Metaspace       used 19021K, capacity 19238K, committed 19584K, reserved 1067008K
  class space    used 2541K, capacity 2613K, committed 2688K, reserved 1048576K
Event: 19.718 GC heap after
Heap after GC invocations=11 (full 0):
 PSYoungGen      total 451072K, used 8548K [0x0000000795580000, 0x00000007bff80000, 0x00000007c0000000)
  eden space 415744K, 0% used [0x0000000795580000,0x0000000795580000,0x00000007aeb80000)
  from space 35328K, 24% used [0x00000007aeb80000,0x00000007af3d9240,0x00000007b0e00000)
  to   space 34304K, 0% used [0x00000007bde00000,0x00000007bde00000,0x00000007bff80000)
 ParOldGen       total 87552K, used 59914K [0x0000000740000000, 0x0000000745580000, 0x0000000795580000)
  object space 87552K, 68% used [0x0000000740000000,0x0000000743a828c0,0x0000000745580000)
 Metaspace       used 19021K, capacity 19238K, committed 19584K, reserved 1067008K
  class space    used 2541K, capacity 2613K, committed 2688K, reserved 1048576K
}
Event: 58.087 GC heap before
{Heap before GC invocations=12 (full 0):
 PSYoungGen      total 451072K, used 424292K [0x0000000795580000, 0x00000007bff80000, 0x00000007c0000000)
  eden space 415744K, 100% used [0x0000000795580000,0x00000007aeb80000,0x00000007aeb80000)
  from space 35328K, 24% used [0x00000007aeb80000,0x00000007af3d9240,0x00000007b0e00000)
  to   space 34304K, 0% used [0x00000007bde00000,0x00000007bde00000,0x00000007bff80000)
 ParOldGen       total 87552K, used 59914K [0x0000000740000000, 0x0000000745580000, 0x0000000795580000)
  object space 87552K, 68% used [0x0000000740000000,0x0000000743a828c0,0x0000000745580000)
 Metaspace       used 19256K, capacity 19494K, committed 19840K, reserved 1067008K
  class space    used 2551K, capacity 2613K, committed 2688K, reserved 1048576K
Event: 58.099 GC heap after
Heap after GC invocations=12 (full 0):
 PSYoungGen      total 663040K, used 2016K [0x0000000795580000, 0x00000007bff00000, 0x00000007c0000000)
  eden space 629248K, 0% used [0x0000000795580000,0x0000000795580000,0x00000007bbc00000)
  from space 33792K, 5% used [0x00000007bde00000,0x00000007bdff8000,0x00000007bff00000)
  to   space 34304K, 0% used [0x00000007bbc00000,0x00000007bbc00000,0x00000007bdd80000)
 ParOldGen       total 87552K, used 67937K [0x0000000740000000, 0x0000000745580000, 0x0000000795580000)
  object space 87552K, 77% used [0x0000000740000000,0x00000007442585a0,0x0000000745580000)
 Metaspace       used 19256K, capacity 19494K, committed 19840K, reserved 1067008K
  class space    used 2551K, capacity 2613K, committed 2688K, reserved 1048576K
}

